(0000) 3000  0011000000000000 (   1)                 .ORIG x3000
(3000) E24B  1110001001001011 (   2)                 LEA   R1 MEMORY
(3001) E015  1110000000010101 (   3)                 LEA   R0 PROMPT1
(3002) F022  1111000000100010 (   4)                 TRAP  x22
(3003) E048  1110000001001000 (   6) LOOP            LEA   R0 MEMORY
(3004) F020  1111000000100000 (   7)                 TRAP  x20
(3005) 7040  0111000001000000 (   8)                 STR   R0 R1 #0
(3006) 1261  0001001001100001 (   9)                 ADD   R1 R1 #1
(3007) 54A0  0101010010100000 (  10)                 AND   R2 R2 #0
(3008) 1480  0001010010000000 (  11)                 ADD   R2 R2 R0
(3009) 14B6  0001010010110110 (  12)                 ADD   R2 R2 #-10
(300A) 0BF8  0000101111111000 (  13)                 BRNP  LOOP
(300B) 127F  0001001001111111 (  14)                 ADD   R1 R1 #-1
(300C) 7440  0111010001000000 (  15)                 STR   R2 R1 #0
(300D) E021  1110000000100001 (  16)                 LEA   R0 PROMPT2
(300E) F022  1111000000100010 (  17)                 TRAP  x22
(300F) F020  1111000000100000 (  18)                 TRAP  x20
(3010) E23B  1110001000111011 (  20)                 LEA   R1 MEMORY
(3011) 2404  0010010000000100 (  21)                 LD    R2 SALT
(3012) E64D  1110011001001101 (  22)                 LEA   R3 ENCRYPT
(3013) 40C0  0100000011000000 (  23)                 JSRR  R3
(3014) F022  1111000000100010 (  25)                 TRAP  x22
(3015) F025  1111000000100101 (  26)                 TRAP  x25
(3016) FFFD  1111111111111101 (  27) SALT            .FILL xFFFD
(3017) 0050  0000000001010000 (  28) PROMPT1         .FILL x0050
(3018) 006C  0000000001101100 (  28)                 .FILL x006C
(3019) 0065  0000000001100101 (  28)                 .FILL x0065
(301A) 0061  0000000001100001 (  28)                 .FILL x0061
(301B) 0073  0000000001110011 (  28)                 .FILL x0073
(301C) 0065  0000000001100101 (  28)                 .FILL x0065
(301D) 0020  0000000000100000 (  28)                 .FILL x0020
(301E) 0065  0000000001100101 (  28)                 .FILL x0065
(301F) 006E  0000000001101110 (  28)                 .FILL x006E
(3020) 0074  0000000001110100 (  28)                 .FILL x0074
(3021) 0065  0000000001100101 (  28)                 .FILL x0065
(3022) 0072  0000000001110010 (  28)                 .FILL x0072
(3023) 0020  0000000000100000 (  28)                 .FILL x0020
(3024) 0079  0000000001111001 (  28)                 .FILL x0079
(3025) 006F  0000000001101111 (  28)                 .FILL x006F
(3026) 0075  0000000001110101 (  28)                 .FILL x0075
(3027) 0072  0000000001110010 (  28)                 .FILL x0072
(3028) 0020  0000000000100000 (  28)                 .FILL x0020
(3029) 006E  0000000001101110 (  28)                 .FILL x006E
(302A) 0061  0000000001100001 (  28)                 .FILL x0061
(302B) 006D  0000000001101101 (  28)                 .FILL x006D
(302C) 0065  0000000001100101 (  28)                 .FILL x0065
(302D) 002E  0000000000101110 (  28)                 .FILL x002E
(302E) 0000  0000000000000000 (  28)                 .FILL x0000
(302F) 000A  0000000000001010 (  29) PROMPT2         .FILL x000A
(3030) 0050  0000000001010000 (  29)                 .FILL x0050
(3031) 0072  0000000001110010 (  29)                 .FILL x0072
(3032) 0065  0000000001100101 (  29)                 .FILL x0065
(3033) 0073  0000000001110011 (  29)                 .FILL x0073
(3034) 0073  0000000001110011 (  29)                 .FILL x0073
(3035) 0020  0000000000100000 (  29)                 .FILL x0020
(3036) 0061  0000000001100001 (  29)                 .FILL x0061
(3037) 006E  0000000001101110 (  29)                 .FILL x006E
(3038) 0079  0000000001111001 (  29)                 .FILL x0079
(3039) 0020  0000000000100000 (  29)                 .FILL x0020
(303A) 006B  0000000001101011 (  29)                 .FILL x006B
(303B) 0065  0000000001100101 (  29)                 .FILL x0065
(303C) 0079  0000000001111001 (  29)                 .FILL x0079
(303D) 0020  0000000000100000 (  29)                 .FILL x0020
(303E) 0074  0000000001110100 (  29)                 .FILL x0074
(303F) 006F  0000000001101111 (  29)                 .FILL x006F
(3040) 0020  0000000000100000 (  29)                 .FILL x0020
(3041) 0063  0000000001100011 (  29)                 .FILL x0063
(3042) 006F  0000000001101111 (  29)                 .FILL x006F
(3043) 006E  0000000001101110 (  29)                 .FILL x006E
(3044) 0074  0000000001110100 (  29)                 .FILL x0074
(3045) 0069  0000000001101001 (  29)                 .FILL x0069
(3046) 006E  0000000001101110 (  29)                 .FILL x006E
(3047) 0075  0000000001110101 (  29)                 .FILL x0075
(3048) 0065  0000000001100101 (  29)                 .FILL x0065
(3049) 003A  0000000000111010 (  29)                 .FILL x003A
(304A) 0020  0000000000100000 (  29)                 .FILL x0020
(304B) 0000  0000000000000000 (  29)                 .FILL x0000
(304C) 0000  0000000000000000 (  37) MEMORY          .FILL x0000
(304D) 0000  0000000000000000 (  37)                 .FILL x0000
(304E) 0000  0000000000000000 (  37)                 .FILL x0000
(304F) 0000  0000000000000000 (  37)                 .FILL x0000
(3050) 0000  0000000000000000 (  37)                 .FILL x0000
(3051) 0000  0000000000000000 (  37)                 .FILL x0000
(3052) 0000  0000000000000000 (  37)                 .FILL x0000
(3053) 0000  0000000000000000 (  37)                 .FILL x0000
(3054) 0000  0000000000000000 (  37)                 .FILL x0000
(3055) 0000  0000000000000000 (  37)                 .FILL x0000
(3056) 0000  0000000000000000 (  37)                 .FILL x0000
(3057) 0000  0000000000000000 (  37)                 .FILL x0000
(3058) 0000  0000000000000000 (  37)                 .FILL x0000
(3059) 0000  0000000000000000 (  37)                 .FILL x0000
(305A) 0000  0000000000000000 (  37)                 .FILL x0000
(305B) 0000  0000000000000000 (  37)                 .FILL x0000
(305C) 0000  0000000000000000 (  37)                 .FILL x0000
(305D) 0000  0000000000000000 (  37)                 .FILL x0000
(305E) 0000  0000000000000000 (  37)                 .FILL x0000
(305F) 0000  0000000000000000 (  37)                 .FILL x0000
(3060) 5020  0101000000100000 (  37) ENCRYPT         AND   R0 R0 #0
(3061) 1001  0001000000000001 (  38)                 ADD   R0 R0 R1
(3062) 360B  0011011000001011 (  39)                 ST    R3 SAVEDR3
(3063) 6600  0110011000000000 (  40) LOOP2           LDR   R3 R0 #0
(3064) 0405  0000010000000101 (  41)                 BRZ   END
(3065) 16C2  0001011011000010 (  42)                 ADD   R3 R3 R2
(3066) 7600  0111011000000000 (  43)                 STR   R3 R0 #0
(3067) 1021  0001000000100001 (  44)                 ADD   R0 R0 #1
(3068) 6600  0110011000000000 (  45)                 LDR   R3 R0 #0
(3069) 0FF9  0000111111111001 (  46)                 BRNZP LOOP2
(306A) 5020  0101000000100000 (  47) END             AND   R0 R0 #0
(306B) 1001  0001000000000001 (  48)                 ADD   R0 R0 R1
(306C) 2601  0010011000000001 (  49)                 LD    R3 SAVEDR3
(306D) C1C0  1100000111000000 (  50)                 RET   
(306E) 0000  0000000000000000 (  52) SAVEDR3         .FILL x0000
